!SESSION 2021-11-15 18:52:27.293 -----------------------------------------------
eclipse.buildId=unknown
java.version=1.8.0_292
java.vendor=Private Build
BootLoader constants: OS=linux, ARCH=x86_64, WS=gtk, NL=en_IN
Command-line arguments:  -console

!ENTRY org.eclipse.osgi 4 0 2021-11-15 18:52:27.683
!MESSAGE Bundle reference:file:pax-confman-propsloader-0.2.3.jar@1:start not found.

!ENTRY org.eclipse.equinox.cm 4 0 2021-11-15 18:52:44.695
!MESSAGE Timer already cancelled.
!STACK 0
java.lang.IllegalStateException: Timer already cancelled.
	at java.util.Timer.sched(Timer.java:397)
	at java.util.Timer.scheduleAtFixedRate(Timer.java:328)
	at org.eclipse.om2m.hue.impl.HueBasedriver.initMSearchTimer(HueBasedriver.java:175)
	at org.eclipse.om2m.hue.impl.HueBasedriver.updated(HueBasedriver.java:415)
	at org.eclipse.equinox.internal.cm.ManagedServiceTracker$1.run(ManagedServiceTracker.java:276)
	at org.eclipse.equinox.internal.cm.SerializedTaskQueue$1.run(SerializedTaskQueue.java:36)

!ENTRY org.eclipse.equinox.ds 1 0 2021-11-15 18:52:44.702
!MESSAGE Could not bind a reference of component HueActivator. The reference is: Reference[name = HueLightDevice, interface = org.eclipse.om2m.hue.api.HueLightDevice, policy = dynamic, policy-option = reluctant, cardinality = 0..n, target = null, bind = setHueLightDevice, unbind = unsetHueLightDevice, updated = null]

!ENTRY org.eclipse.equinox.ds 1 0 2021-11-15 18:52:44.702
!MESSAGE Could not bind a reference of component HueActivator. The reference is: Reference[name = HueBridgeDevice, interface = org.eclipse.om2m.hue.api.HueBridgeDevice, policy = dynamic, policy-option = reluctant, cardinality = 0..n, target = null, bind = setHueBridgeDevice, unbind = unsetHueBridgeDevice, updated = null]
